#
# A fatal error has been detected by the Java Runtime Environment:
#
#  EXCEPTION_ACCESS_VIOLATION (0xc0000005) at pc=0x0000000054778f69, pid=664, tid=7844
#
# JRE version: 7.0_21-b11
# Java VM: Java HotSpot(TM) 64-Bit Server VM (23.21-b01 mixed mode windows-amd64 compressed oops)
# Problematic frame:
# V  [jvm.dll+0x38f69]
#
# Failed to write core dump. Minidumps are not enabled by default on client versions of Windows
#
# If you would like to submit a bug report, please visit:
#   http://bugreport.sun.com/bugreport/crash.jsp
#

---------------  T H R E A D  ---------------

Current thread (0x0000000009a4d800):  JavaThread "JDWP Transport Listener: dt_socket" daemon [_thread_in_vm, id=7844, stack(0x000000000aff0000,0x000000000b0f0000)]

siginfo: ExceptionCode=0xc0000005, reading address 0x000000000000000c

Registers:
RAX=0x000000000000000c, RBX=0x0000000009a4d800, RCX=0x0000000000000000, RDX=0x0000000000000000
RSP=0x000000000b0ef3f0, RBP=0x000000000000000c, RSI=0x0000000000000000, RDI=0x0000000000000010
R8 =0x00000000e0058da8, R9 =0x0000000000000000, R10=0x0000000000000000, R11=0x0000000000000001
R12=0x0000000000000000, R13=0x0000000000000000, R14=0x0000000000000000, R15=0x0000000000000000
RIP=0x0000000054778f69, EFLAGS=0x0000000000010246

Top of Stack: (sp=0x000000000b0ef3f0)
0x000000000b0ef3f0:   0000000009a4d800 0000000000000000
0x000000000b0ef400:   0000000000000000 0000000009a4d800
0x000000000b0ef410:   0000000000000000 0000000054837ea4
0x000000000b0ef420:   00000000e0058da8 000000000b0ef540
0x000000000b0ef430:   0000000009a4fe88 000000000b0ef510
0x000000000b0ef440:   0000000009a4d800 0000000000000000
0x000000000b0ef450:   0000000009a4fe88 000000000b0ef540
0x000000000b0ef460:   0000000000000000 0000000000000000
0x000000000b0ef470:   0000000009a4d9d8 00000000542f7d15
0x000000000b0ef480:   000000000b0ef510 000000000b0ef540
0x000000000b0ef490:   0000000009a4fe88 0000000009a4d9d8
0x000000000b0ef4a0:   0000000009a9590a 00000000542ff09c
0x000000000b0ef4b0:   0000000054010a01 000000000b0ef5b0
0x000000000b0ef4c0:   0000000009a3cd01 0000000009a3cd01
0x000000000b0ef4d0:   0000174b00000013 0000000054010a00
0x000000000b0ef4e0:   0000000009a8b970 0000000009a50190 

Instructions: (pc=0x0000000054778f69)
0x0000000054778f49:   d2 48 8b c5 eb 18 48 8b d0 48 8b c5 48 d3 e2 48
0x0000000054778f59:   03 15 b1 35 62 00 eb 06 48 8b 12 48 8b c7 48 98
0x0000000054778f69:   8b 14 10 85 d2 74 2a 45 84 db 4c 63 c6 48 0f 45
0x0000000054778f79:   fd 8d 47 0b 48 63 c8 48 83 e1 f8 48 c1 e9 03 8d 


Register to memory mapping:

RAX=0x000000000000000c is an unknown value
RBX=0x0000000009a4d800 is a thread
RCX=0x0000000000000000 is an unknown value
RDX=0x0000000000000000 is an unknown value
RSP=0x000000000b0ef3f0 is pointing into the stack for thread: 0x0000000009a4d800
RBP=0x000000000000000c is an unknown value
RSI=0x0000000000000000 is an unknown value
RDI=0x0000000000000010 is an unknown value
R8 =0x00000000e0058da8 is an oop
java.lang.String 
 - klass: 'java/lang/String'
R9 =0x0000000000000000 is an unknown value
R10=0x0000000000000000 is an unknown value
R11=0x0000000000000001 is an unknown value
R12=0x0000000000000000 is an unknown value
R13=0x0000000000000000 is an unknown value
R14=0x0000000000000000 is an unknown value
R15=0x0000000000000000 is an unknown value


Stack: [0x000000000aff0000,0x000000000b0f0000],  sp=0x000000000b0ef3f0,  free space=1020k
Native frames: (J=compiled Java code, j=interpreted, Vv=VM code, C=native code)
V  [jvm.dll+0x38f69]


---------------  P R O C E S S  ---------------

Java Threads: ( => current thread )
  0x0000000009a7a800 JavaThread "Service Thread" daemon [_thread_blocked, id=7800, stack(0x000000000b850000,0x000000000b950000)]
  0x0000000009a6f800 JavaThread "C2 CompilerThread1" daemon [_thread_blocked, id=6476, stack(0x000000000b750000,0x000000000b850000)]
  0x0000000009a6b800 JavaThread "C2 CompilerThread0" daemon [_thread_blocked, id=1276, stack(0x000000000b650000,0x000000000b750000)]
  0x0000000009a62000 JavaThread "JDWP Command Reader" daemon [_thread_in_native, id=5540, stack(0x000000000b550000,0x000000000b650000)]
  0x0000000009a55800 JavaThread "JDWP Event Helper Thread" daemon [_thread_blocked, id=5536, stack(0x000000000b450000,0x000000000b550000)]
=>0x0000000009a4d800 JavaThread "JDWP Transport Listener: dt_socket" daemon [_thread_in_vm, id=7844, stack(0x000000000aff0000,0x000000000b0f0000)]
  0x0000000009a3f000 JavaThread "Attach Listener" daemon [_thread_blocked, id=4396, stack(0x000000000aef0000,0x000000000aff0000)]
  0x0000000009a3b800 JavaThread "Signal Dispatcher" daemon [_thread_blocked, id=7036, stack(0x000000000adf0000,0x000000000aef0000)]
  0x00000000099d8000 JavaThread "Finalizer" daemon [_thread_blocked, id=5608, stack(0x000000000acf0000,0x000000000adf0000)]
  0x00000000099cf800 JavaThread "Reference Handler" daemon [_thread_blocked, id=5984, stack(0x000000000abf0000,0x000000000acf0000)]
  0x0000000001e51000 JavaThread "main" [_thread_blocked, id=4892, stack(0x0000000001d00000,0x0000000001e00000)]

Other Threads:
  0x00000000099c9000 VMThread [stack: 0x000000000aaf0000,0x000000000abf0000] [id=7688]
  0x0000000009a89000 WatcherThread [stack: 0x000000000b950000,0x000000000ba50000] [id=7156]

VM state:not at safepoint (normal execution)

VM Mutex/Monitor currently owned by a thread: None

Heap
 PSYoungGen      total 28672K, used 983K [0x00000000e0000000, 0x00000000e2000000, 0x0000000100000000)
  eden space 24576K, 4% used [0x00000000e0000000,0x00000000e00f5ca8,0x00000000e1800000)
  from space 4096K, 0% used [0x00000000e1c00000,0x00000000e1c00000,0x00000000e2000000)
  to   space 4096K, 0% used [0x00000000e1800000,0x00000000e1800000,0x00000000e1c00000)
 ParOldGen       total 65536K, used 0K [0x00000000a0000000, 0x00000000a4000000, 0x00000000e0000000)
  object space 65536K, 0% used [0x00000000a0000000,0x00000000a0000000,0x00000000a4000000)
 PSPermGen       total 21248K, used 2472K [0x000000009ae00000, 0x000000009c2c0000, 0x00000000a0000000)
  object space 21248K, 11% used [0x000000009ae00000,0x000000009b06a3b8,0x000000009c2c0000)

Card table byte_map: [0x0000000005090000,0x00000000053c0000] byte_map_base: 0x0000000004bb9000

Polling page: 0x0000000000740000

Code Cache  [0x0000000001fd0000, 0x0000000002240000, 0x0000000004fd0000)
 total_blobs=154 nmethods=0 adapters=129 free_code_cache=48779Kb largest_free_block=49949760

Compilation events (0 events):
No events

GC Heap History (0 events):
No events

Deoptimization events (0 events):
No events

Internal exceptions (3 events):
Event: 0.040 Thread 0x0000000001e51000 Threw 0x00000000e00061b0 at C:\jdk7u2_64p\jdk7u21\hotspot\src\share\vm\prims\jni.cpp:3994
Event: 0.217 Thread 0x0000000001e51000 Threw 0x00000000e004fe40 at C:\jdk7u2_64p\jdk7u21\hotspot\src\share\vm\prims\jvm.cpp:1166
Event: 0.225 Thread 0x0000000001e51000 Threw 0x00000000e0055f28 at C:\jdk7u2_64p\jdk7u21\hotspot\src\share\vm\prims\jvm.cpp:1166

Events (10 events):
Event: 73.622 Executing VM operation: ChangeSingleStep
Event: 73.622 Executing VM operation: ChangeSingleStep done
Event: 73.622 Executing VM operation: ChangeSingleStep
Event: 73.622 Executing VM operation: ChangeSingleStep done
Event: 73.637 Executing VM operation: GetOrSetLocal
Event: 73.637 Executing VM operation: GetOrSetLocal done
Event: 73.641 Executing VM operation: GetOrSetLocal
Event: 73.641 Executing VM operation: GetOrSetLocal done
Event: 73.758 Executing VM operation: GetOrSetLocal
Event: 73.758 Executing VM operation: GetOrSetLocal done


Dynamic libraries:
0x00007ff65f790000 - 0x00007ff65f7c3000 	C:\Program Files\Java\jdk1.7.0_21\bin\javaw.exe
0x00007ffc29a50000 - 0x00007ffc29bf9000 	C:\WINDOWS\SYSTEM32\ntdll.dll
0x00007ffc27b00000 - 0x00007ffc27c39000 	C:\WINDOWS\system32\KERNEL32.DLL
0x00007ffc271b0000 - 0x00007ffc272bf000 	C:\WINDOWS\system32\KERNELBASE.dll
0x00007ffc259e0000 - 0x00007ffc25a6b000 	C:\WINDOWS\system32\apphelp.dll
0x00007ffc21f40000 - 0x00007ffc21f8f000 	C:\WINDOWS\AppPatch\AppPatch64\AcGenral.DLL
0x00007ffc27c50000 - 0x00007ffc27cf7000 	C:\WINDOWS\system32\msvcrt.dll
0x00007ffc26b90000 - 0x00007ffc26bbb000 	C:\WINDOWS\SYSTEM32\SspiCli.dll
0x00007ffc27790000 - 0x00007ffc277e1000 	C:\WINDOWS\system32\SHLWAPI.dll
0x00007ffc29590000 - 0x00007ffc29701000 	C:\WINDOWS\system32\USER32.dll
0x00007ffc277f0000 - 0x00007ffc27966000 	C:\WINDOWS\system32\ole32.dll
0x00007ffc27d00000 - 0x00007ffc2910f000 	C:\WINDOWS\system32\SHELL32.dll
0x00007ffc263c0000 - 0x00007ffc263df000 	C:\WINDOWS\SYSTEM32\USERENV.dll
0x00007ffc279f0000 - 0x00007ffc27a95000 	C:\WINDOWS\system32\ADVAPI32.dll
0x00007ffc0d270000 - 0x00007ffc0d28b000 	C:\WINDOWS\SYSTEM32\MPR.dll
0x00007ffc272c0000 - 0x00007ffc273f6000 	C:\WINDOWS\system32\RPCRT4.dll
0x00007ffc27550000 - 0x00007ffc275a7000 	C:\WINDOWS\SYSTEM32\sechost.dll
0x00007ffc29370000 - 0x00007ffc29547000 	C:\WINDOWS\SYSTEM32\combase.dll
0x00007ffc27400000 - 0x00007ffc27545000 	C:\WINDOWS\system32\GDI32.dll
0x00007ffc26db0000 - 0x00007ffc26dc4000 	C:\WINDOWS\SYSTEM32\profapi.dll
0x00007ffc25670000 - 0x00007ffc25711000 	C:\WINDOWS\SYSTEM32\SHCORE.dll
0x00007ffc27750000 - 0x00007ffc27784000 	C:\WINDOWS\system32\IMM32.DLL
0x00007ffc29170000 - 0x00007ffc292a8000 	C:\WINDOWS\system32\MSCTF.dll
0x00007ffc23c40000 - 0x00007ffc23e9a000 	C:\WINDOWS\WinSxS\amd64_microsoft.windows.common-controls_6595b64144ccf1df_6.0.9600.16384_none_62475f7becb72503\COMCTL32.dll
0x0000000054330000 - 0x0000000054401000 	C:\Program Files\Java\jdk1.7.0_21\jre\bin\msvcr100.dll
0x0000000054740000 - 0x0000000054e61000 	C:\Program Files\Java\jdk1.7.0_21\jre\bin\server\jvm.dll
0x00007ffc1e8b0000 - 0x00007ffc1e8b9000 	C:\WINDOWS\SYSTEM32\WSOCK32.dll
0x00007ffc227d0000 - 0x00007ffc227ef000 	C:\WINDOWS\SYSTEM32\WINMM.dll
0x00007ffc29550000 - 0x00007ffc29557000 	C:\WINDOWS\system32\PSAPI.DLL
0x00007ffc29110000 - 0x00007ffc29168000 	C:\WINDOWS\system32\WS2_32.dll
0x00007ffc22710000 - 0x00007ffc2273a000 	C:\WINDOWS\SYSTEM32\WINMMBASE.dll
0x00007ffc292b0000 - 0x00007ffc292b9000 	C:\WINDOWS\system32\NSI.dll
0x00007ffc26ed0000 - 0x00007ffc26f1a000 	C:\WINDOWS\SYSTEM32\cfgmgr32.dll
0x00007ffc25c40000 - 0x00007ffc25c66000 	C:\WINDOWS\SYSTEM32\DEVOBJ.dll
0x0000000056ab0000 - 0x0000000056abf000 	C:\Program Files\Java\jdk1.7.0_21\jre\bin\verify.dll
0x0000000056a80000 - 0x0000000056aa8000 	C:\Program Files\Java\jdk1.7.0_21\jre\bin\java.dll
0x00000000542f0000 - 0x0000000054325000 	C:\Program Files\Java\jdk1.7.0_21\jre\bin\jdwp.dll
0x0000000055d00000 - 0x0000000055d08000 	C:\Program Files\Java\jdk1.7.0_21\jre\bin\npt.dll
0x0000000056a60000 - 0x0000000056a75000 	C:\Program Files\Java\jdk1.7.0_21\jre\bin\zip.dll
0x0000000055cf0000 - 0x0000000055cf9000 	C:\Program Files\Java\jdk1.7.0_21\jre\bin\dt_socket.dll
0x00007ffc21ea0000 - 0x00007ffc21eb9000 	C:\WINDOWS\system32\NLAapi.dll
0x00007ffc0e180000 - 0x00007ffc0e194000 	C:\WINDOWS\system32\napinsp.dll
0x00007ffc0e1a0000 - 0x00007ffc0e1b9000 	C:\WINDOWS\system32\pnrpnsp.dll
0x00007ffc26610000 - 0x00007ffc26668000 	C:\WINDOWS\System32\mswsock.dll
0x00007ffc26420000 - 0x00007ffc264c3000 	C:\WINDOWS\SYSTEM32\DNSAPI.dll
0x00007ffc0e1c0000 - 0x00007ffc0e1cc000 	C:\WINDOWS\System32\winrnr.dll
0x00000000569f0000 - 0x0000000056a16000 	C:\Program Files\Bonjour\mdnsNSP.dll
0x00007ffc21130000 - 0x00007ffc21159000 	C:\WINDOWS\SYSTEM32\Iphlpapi.DLL
0x00007ffc21110000 - 0x00007ffc2111a000 	C:\WINDOWS\SYSTEM32\WINNSI.DLL
0x00007ffc0e1d0000 - 0x00007ffc0e1e3000 	C:\WINDOWS\system32\wshbth.dll
0x00007ffc20ee0000 - 0x00007ffc20f47000 	C:\WINDOWS\System32\fwpuclnt.dll
0x00007ffc1e710000 - 0x00007ffc1e719000 	C:\Windows\System32\rasadhlp.dll
0x00007ffc06750000 - 0x00007ffc068d8000 	C:\WINDOWS\SYSTEM32\dbghelp.dll

VM Arguments:
jvm_args: -agentlib:jdwp=transport=dt_socket,suspend=y,address=localhost:60991 -Dfile.encoding=Cp1252 
java_command: BarCodeTest
Launcher Type: SUN_STANDARD

Environment Variables:
CLASSPATH=.;C:\Program Files (x86)\Java\jre6\lib\ext\QTJava.zip
PATH=C:\Program Files\Java\jdk1.7.0_21\jre\bin;C:/Program Files/Java/jdk1.7.0_21/jre/bin/server;C:/Program Files/Java/jdk1.7.0_21/jre/bin;C:/Program Files/Java/jdk1.7.0_21/jre/lib/amd64;C:\Program Files (x86)\NVIDIA Corporation\PhysX\Common;C:\Program Files\Java\jdk1.7.0_21\bin;C:\WINDOWS\system32;C:\WINDOWS;C:\WINDOWS\System32\Wbem;C:\Program Files (x86)\Common Files\Roxio Shared\9.0\DLLShared\;C:\WINDOWS\System32\WindowsPowerShell\v1.0\;C:\Program Files (x86)\QuickTime\QTSystem\;C:\Program Files (x86)\MiKTeX 2.9\miktex\bin\;C:\Program Files (x86)\Windows Kits\8.0\Windows Performance Toolkit\;C:\Program Files\Microsoft\Web Platform Installer\;C:\Program Files (x86)\Microsoft ASP.NET\ASP.NET Web Pages\v1.0\;C:\Program Files\Microsoft SQL Server\110\Tools\Binn\;c:\Program Files (x86)\Microsoft SQL Server\110\Tools\Binn\;c:\Program Files\Microsoft SQL Server\110\DTS\Binn\;C:\WINDOWS\system32;C:\WINDOWS;C:\WINDOWS\System32\Wbem;C:\WINDOWS\System32\WindowsPowerShell\v1.0\;C:\Program Files (x86)\GtkSharp\2.12\bin;C:\Program Files\VanDyke Software\Clients\;C:\Users\Bryan\Desktop\old\CS120 Discrete Math\Module 12\eclipse-jee-juno-SR2-win32-x86_64.zip\eclipse;
USERNAME=Bryan
OS=Windows_NT
PROCESSOR_IDENTIFIER=Intel64 Family 6 Model 15 Stepping 11, GenuineIntel



---------------  S Y S T E M  ---------------

OS: Windows 8 , 64 bit Build 9200 

CPU:total 4 (4 cores per cpu, 1 threads per core) family 6 model 15 stepping 11, cmov, cx8, fxsr, mmx, sse, sse2, sse3, ssse3, tsc

Memory: 4k page, physical 6289584k(3504280k free), swap 12581040k(8642412k free)

vm_info: Java HotSpot(TM) 64-Bit Server VM (23.21-b01) for windows-amd64 JRE (1.7.0_21-b11), built on Apr  4 2013 08:11:28 by "java_re" with unknown MS VC++:1600

time: Wed Feb 19 21:35:36 2014
elapsed time: 73 seconds

