#
# A fatal error has been detected by the Java Runtime Environment:
#
#  EXCEPTION_ACCESS_VIOLATION (0xc0000005) at pc=0x0000000054778f69, pid=6428, tid=4072
#
# JRE version: 7.0_21-b11
# Java VM: Java HotSpot(TM) 64-Bit Server VM (23.21-b01 mixed mode windows-amd64 compressed oops)
# Problematic frame:
# V  [jvm.dll+0x38f69]
#
# Failed to write core dump. Minidumps are not enabled by default on client versions of Windows
#
# If you would like to submit a bug report, please visit:
#   http://bugreport.sun.com/bugreport/crash.jsp
#

---------------  T H R E A D  ---------------

Current thread (0x000000000a73c800):  JavaThread "JDWP Transport Listener: dt_socket" daemon [_thread_in_vm, id=4072, stack(0x000000000bd00000,0x000000000be00000)]

siginfo: ExceptionCode=0xc0000005, reading address 0x000000000000000c

Registers:
RAX=0x000000000000000c, RBX=0x000000000a73c800, RCX=0x0000000000000000, RDX=0x0000000000000000
RSP=0x000000000bdff750, RBP=0x000000000000000c, RSI=0x0000000000000000, RDI=0x0000000000000010
R8 =0x00000000e0058da8, R9 =0x0000000000000000, R10=0x0000000000000000, R11=0x0000000000000001
R12=0x0000000000000000, R13=0x0000000000000000, R14=0x0000000000000000, R15=0x0000000000000000
RIP=0x0000000054778f69, EFLAGS=0x0000000000010246

Top of Stack: (sp=0x000000000bdff750)
0x000000000bdff750:   000000000a73c800 0000000000000000
0x000000000bdff760:   0000000000000000 000000000a73c800
0x000000000bdff770:   0000000000000000 0000000054837ea4
0x000000000bdff780:   00000000e0058da8 000000000bdff8a0
0x000000000bdff790:   000000000a7363f8 000000000bdff870
0x000000000bdff7a0:   000000000a73c800 0000000000000000
0x000000000bdff7b0:   000000000a7363f8 000000000bdff8a0
0x000000000bdff7c0:   0000000000000000 0000000000000000
0x000000000bdff7d0:   000000000a73c9d8 00000000542f7d15
0x000000000bdff7e0:   000000000bdff870 000000000bdff8a0
0x000000000bdff7f0:   000000000a7363f8 000000000a73c9d8
0x000000000bdff800:   000000000a78770a 00000000542ff09c
0x000000000bdff810:   0000000054010a01 000000000bdff910
0x000000000bdff820:   000000000a72e101 000000000a72e101
0x000000000bdff830:   0000219500000013 0000000054010a00
0x000000000bdff840:   000000000a77c760 0000000000000000 

Instructions: (pc=0x0000000054778f69)
0x0000000054778f49:   d2 48 8b c5 eb 18 48 8b d0 48 8b c5 48 d3 e2 48
0x0000000054778f59:   03 15 b1 35 62 00 eb 06 48 8b 12 48 8b c7 48 98
0x0000000054778f69:   8b 14 10 85 d2 74 2a 45 84 db 4c 63 c6 48 0f 45
0x0000000054778f79:   fd 8d 47 0b 48 63 c8 48 83 e1 f8 48 c1 e9 03 8d 


Register to memory mapping:

RAX=0x000000000000000c is an unknown value
RBX=0x000000000a73c800 is a thread
RCX=0x0000000000000000 is an unknown value
RDX=0x0000000000000000 is an unknown value
RSP=0x000000000bdff750 is pointing into the stack for thread: 0x000000000a73c800
RBP=0x000000000000000c is an unknown value
RSI=0x0000000000000000 is an unknown value
RDI=0x0000000000000010 is an unknown value
R8 =0x00000000e0058da8 is an oop
java.lang.String 
 - klass: 'java/lang/String'
R9 =0x0000000000000000 is an unknown value
R10=0x0000000000000000 is an unknown value
R11=0x0000000000000001 is an unknown value
R12=0x0000000000000000 is an unknown value
R13=0x0000000000000000 is an unknown value
R14=0x0000000000000000 is an unknown value
R15=0x0000000000000000 is an unknown value


Stack: [0x000000000bd00000,0x000000000be00000],  sp=0x000000000bdff750,  free space=1021k
Native frames: (J=compiled Java code, j=interpreted, Vv=VM code, C=native code)
V  [jvm.dll+0x38f69]


---------------  P R O C E S S  ---------------

Java Threads: ( => current thread )
  0x000000000a75c000 JavaThread "Service Thread" daemon [_thread_blocked, id=6588, stack(0x000000000c500000,0x000000000c600000)]
  0x000000000a759000 JavaThread "C2 CompilerThread1" daemon [_thread_blocked, id=5136, stack(0x000000000c400000,0x000000000c500000)]
  0x000000000a758000 JavaThread "C2 CompilerThread0" daemon [_thread_blocked, id=7120, stack(0x000000000c300000,0x000000000c400000)]
  0x000000000a742000 JavaThread "JDWP Command Reader" daemon [_thread_in_native, id=7760, stack(0x000000000c200000,0x000000000c300000)]
  0x000000000a73f000 JavaThread "JDWP Event Helper Thread" daemon [_thread_blocked, id=5640, stack(0x000000000c100000,0x000000000c200000)]
=>0x000000000a73c800 JavaThread "JDWP Transport Listener: dt_socket" daemon [_thread_in_vm, id=4072, stack(0x000000000bd00000,0x000000000be00000)]
  0x000000000a72f000 JavaThread "Attach Listener" daemon [_thread_blocked, id=7636, stack(0x000000000bc00000,0x000000000bd00000)]
  0x000000000a72b800 JavaThread "Signal Dispatcher" daemon [_thread_blocked, id=2988, stack(0x000000000bb00000,0x000000000bc00000)]
  0x000000000a6c8000 JavaThread "Finalizer" daemon [_thread_blocked, id=4708, stack(0x000000000ba00000,0x000000000bb00000)]
  0x000000000a6bf800 JavaThread "Reference Handler" daemon [_thread_blocked, id=7616, stack(0x000000000b900000,0x000000000ba00000)]
  0x0000000002bc1000 JavaThread "main" [_thread_blocked, id=6196, stack(0x0000000002a90000,0x0000000002b90000)]

Other Threads:
  0x000000000a6ba000 VMThread [stack: 0x000000000b800000,0x000000000b900000] [id=6688]
  0x000000000a755800 WatcherThread [stack: 0x000000000c600000,0x000000000c700000] [id=188]

VM state:not at safepoint (normal execution)

VM Mutex/Monitor currently owned by a thread: None

Heap
 PSYoungGen      total 28672K, used 983K [0x00000000e0000000, 0x00000000e2000000, 0x0000000100000000)
  eden space 24576K, 4% used [0x00000000e0000000,0x00000000e00f5ca8,0x00000000e1800000)
  from space 4096K, 0% used [0x00000000e1c00000,0x00000000e1c00000,0x00000000e2000000)
  to   space 4096K, 0% used [0x00000000e1800000,0x00000000e1800000,0x00000000e1c00000)
 ParOldGen       total 65536K, used 0K [0x00000000a0000000, 0x00000000a4000000, 0x00000000e0000000)
  object space 65536K, 0% used [0x00000000a0000000,0x00000000a0000000,0x00000000a4000000)
 PSPermGen       total 21248K, used 2472K [0x000000009ae00000, 0x000000009c2c0000, 0x00000000a0000000)
  object space 21248K, 11% used [0x000000009ae00000,0x000000009b06a3b8,0x000000009c2c0000)

Card table byte_map: [0x0000000005d80000,0x00000000060b0000] byte_map_base: 0x00000000058a9000

Polling page: 0x0000000001190000

Code Cache  [0x0000000002cc0000, 0x0000000002f30000, 0x0000000005cc0000)
 total_blobs=154 nmethods=0 adapters=129 free_code_cache=48779Kb largest_free_block=49949760

Compilation events (0 events):
No events

GC Heap History (0 events):
No events

Deoptimization events (0 events):
No events

Internal exceptions (3 events):
Event: 0.038 Thread 0x0000000002bc1000 Threw 0x00000000e00061b0 at C:\jdk7u2_64p\jdk7u21\hotspot\src\share\vm\prims\jni.cpp:3994
Event: 0.217 Thread 0x0000000002bc1000 Threw 0x00000000e004fe40 at C:\jdk7u2_64p\jdk7u21\hotspot\src\share\vm\prims\jvm.cpp:1166
Event: 0.224 Thread 0x0000000002bc1000 Threw 0x00000000e0055f28 at C:\jdk7u2_64p\jdk7u21\hotspot\src\share\vm\prims\jvm.cpp:1166

Events (10 events):
Event: 103.851 Executing VM operation: GetCurrentLocation
Event: 103.851 Executing VM operation: GetCurrentLocation done
Event: 103.851 Executing VM operation: ChangeSingleStep
Event: 103.851 Executing VM operation: ChangeSingleStep done
Event: 103.852 Executing VM operation: ChangeSingleStep
Event: 103.852 Executing VM operation: ChangeSingleStep done
Event: 103.867 Executing VM operation: GetOrSetLocal
Event: 103.867 Executing VM operation: GetOrSetLocal done
Event: 103.870 Executing VM operation: GetOrSetLocal
Event: 103.871 Executing VM operation: GetOrSetLocal done


Dynamic libraries:
0x00007ff65f790000 - 0x00007ff65f7c3000 	C:\Program Files\Java\jdk1.7.0_21\bin\javaw.exe
0x00007ffc29a50000 - 0x00007ffc29bf9000 	C:\WINDOWS\SYSTEM32\ntdll.dll
0x00007ffc27b00000 - 0x00007ffc27c39000 	C:\WINDOWS\system32\KERNEL32.DLL
0x00007ffc271b0000 - 0x00007ffc272bf000 	C:\WINDOWS\system32\KERNELBASE.dll
0x00007ffc259e0000 - 0x00007ffc25a6b000 	C:\WINDOWS\system32\apphelp.dll
0x00007ffc24d80000 - 0x00007ffc24dcf000 	C:\WINDOWS\AppPatch\AppPatch64\AcGenral.DLL
0x00007ffc27c50000 - 0x00007ffc27cf7000 	C:\WINDOWS\system32\msvcrt.dll
0x00007ffc26b90000 - 0x00007ffc26bbb000 	C:\WINDOWS\SYSTEM32\SspiCli.dll
0x00007ffc27790000 - 0x00007ffc277e1000 	C:\WINDOWS\system32\SHLWAPI.dll
0x00007ffc29590000 - 0x00007ffc29701000 	C:\WINDOWS\system32\USER32.dll
0x00007ffc277f0000 - 0x00007ffc27966000 	C:\WINDOWS\system32\ole32.dll
0x00007ffc27d00000 - 0x00007ffc2910f000 	C:\WINDOWS\system32\SHELL32.dll
0x00007ffc263c0000 - 0x00007ffc263df000 	C:\WINDOWS\SYSTEM32\USERENV.dll
0x00007ffc279f0000 - 0x00007ffc27a95000 	C:\WINDOWS\system32\ADVAPI32.dll
0x00007ffc0d270000 - 0x00007ffc0d28b000 	C:\WINDOWS\SYSTEM32\MPR.dll
0x00007ffc272c0000 - 0x00007ffc273f6000 	C:\WINDOWS\system32\RPCRT4.dll
0x00007ffc27550000 - 0x00007ffc275a7000 	C:\WINDOWS\SYSTEM32\sechost.dll
0x00007ffc29370000 - 0x00007ffc29547000 	C:\WINDOWS\SYSTEM32\combase.dll
0x00007ffc27400000 - 0x00007ffc27545000 	C:\WINDOWS\system32\GDI32.dll
0x00007ffc26db0000 - 0x00007ffc26dc4000 	C:\WINDOWS\SYSTEM32\profapi.dll
0x00007ffc25670000 - 0x00007ffc25711000 	C:\WINDOWS\SYSTEM32\SHCORE.dll
0x00007ffc27750000 - 0x00007ffc27784000 	C:\WINDOWS\system32\IMM32.DLL
0x00007ffc29170000 - 0x00007ffc292a8000 	C:\WINDOWS\system32\MSCTF.dll
0x00007ffc23c40000 - 0x00007ffc23e9a000 	C:\WINDOWS\WinSxS\amd64_microsoft.windows.common-controls_6595b64144ccf1df_6.0.9600.16384_none_62475f7becb72503\COMCTL32.dll
0x0000000054330000 - 0x0000000054401000 	C:\Program Files\Java\jdk1.7.0_21\jre\bin\msvcr100.dll
0x0000000054740000 - 0x0000000054e61000 	C:\Program Files\Java\jdk1.7.0_21\jre\bin\server\jvm.dll
0x00007ffc1e8b0000 - 0x00007ffc1e8b9000 	C:\WINDOWS\SYSTEM32\WSOCK32.dll
0x00007ffc227d0000 - 0x00007ffc227ef000 	C:\WINDOWS\SYSTEM32\WINMM.dll
0x00007ffc29550000 - 0x00007ffc29557000 	C:\WINDOWS\system32\PSAPI.DLL
0x00007ffc29110000 - 0x00007ffc29168000 	C:\WINDOWS\system32\WS2_32.dll
0x00007ffc22710000 - 0x00007ffc2273a000 	C:\WINDOWS\SYSTEM32\WINMMBASE.dll
0x00007ffc292b0000 - 0x00007ffc292b9000 	C:\WINDOWS\system32\NSI.dll
0x00007ffc26ed0000 - 0x00007ffc26f1a000 	C:\WINDOWS\SYSTEM32\cfgmgr32.dll
0x00007ffc25c40000 - 0x00007ffc25c66000 	C:\WINDOWS\SYSTEM32\DEVOBJ.dll
0x0000000056ab0000 - 0x0000000056abf000 	C:\Program Files\Java\jdk1.7.0_21\jre\bin\verify.dll
0x0000000056a80000 - 0x0000000056aa8000 	C:\Program Files\Java\jdk1.7.0_21\jre\bin\java.dll
0x00000000542f0000 - 0x0000000054325000 	C:\Program Files\Java\jdk1.7.0_21\jre\bin\jdwp.dll
0x0000000055d00000 - 0x0000000055d08000 	C:\Program Files\Java\jdk1.7.0_21\jre\bin\npt.dll
0x0000000056a60000 - 0x0000000056a75000 	C:\Program Files\Java\jdk1.7.0_21\jre\bin\zip.dll
0x0000000055cf0000 - 0x0000000055cf9000 	C:\Program Files\Java\jdk1.7.0_21\jre\bin\dt_socket.dll
0x00007ffc21ea0000 - 0x00007ffc21eb9000 	C:\WINDOWS\system32\NLAapi.dll
0x00007ffc0e180000 - 0x00007ffc0e194000 	C:\WINDOWS\system32\napinsp.dll
0x00007ffc0e1a0000 - 0x00007ffc0e1b9000 	C:\WINDOWS\system32\pnrpnsp.dll
0x00007ffc26610000 - 0x00007ffc26668000 	C:\WINDOWS\System32\mswsock.dll
0x00007ffc26420000 - 0x00007ffc264c3000 	C:\WINDOWS\SYSTEM32\DNSAPI.dll
0x00007ffc0e1c0000 - 0x00007ffc0e1cc000 	C:\WINDOWS\System32\winrnr.dll
0x00000000569f0000 - 0x0000000056a16000 	C:\Program Files\Bonjour\mdnsNSP.dll
0x00007ffc21130000 - 0x00007ffc21159000 	C:\WINDOWS\SYSTEM32\Iphlpapi.DLL
0x00007ffc21110000 - 0x00007ffc2111a000 	C:\WINDOWS\SYSTEM32\WINNSI.DLL
0x00007ffc0e1d0000 - 0x00007ffc0e1e3000 	C:\WINDOWS\system32\wshbth.dll
0x00007ffc20ee0000 - 0x00007ffc20f47000 	C:\WINDOWS\System32\fwpuclnt.dll
0x00007ffc1e710000 - 0x00007ffc1e719000 	C:\Windows\System32\rasadhlp.dll
0x00007ffc06750000 - 0x00007ffc068d8000 	C:\WINDOWS\SYSTEM32\dbghelp.dll

VM Arguments:
jvm_args: -agentlib:jdwp=transport=dt_socket,suspend=y,address=localhost:61255 -Dfile.encoding=Cp1252 
java_command: BarCodeTest
Launcher Type: SUN_STANDARD

Environment Variables:
CLASSPATH=.;C:\Program Files (x86)\Java\jre6\lib\ext\QTJava.zip
PATH=C:\Program Files\Java\jdk1.7.0_21\jre\bin;C:/Program Files/Java/jdk1.7.0_21/jre/bin/server;C:/Program Files/Java/jdk1.7.0_21/jre/bin;C:/Program Files/Java/jdk1.7.0_21/jre/lib/amd64;C:\Program Files (x86)\NVIDIA Corporation\PhysX\Common;C:\Program Files\Java\jdk1.7.0_21\bin;C:\WINDOWS\system32;C:\WINDOWS;C:\WINDOWS\System32\Wbem;C:\Program Files (x86)\Common Files\Roxio Shared\9.0\DLLShared\;C:\WINDOWS\System32\WindowsPowerShell\v1.0\;C:\Program Files (x86)\QuickTime\QTSystem\;C:\Program Files (x86)\MiKTeX 2.9\miktex\bin\;C:\Program Files (x86)\Windows Kits\8.0\Windows Performance Toolkit\;C:\Program Files\Microsoft\Web Platform Installer\;C:\Program Files (x86)\Microsoft ASP.NET\ASP.NET Web Pages\v1.0\;C:\Program Files\Microsoft SQL Server\110\Tools\Binn\;c:\Program Files (x86)\Microsoft SQL Server\110\Tools\Binn\;c:\Program Files\Microsoft SQL Server\110\DTS\Binn\;C:\WINDOWS\system32;C:\WINDOWS;C:\WINDOWS\System32\Wbem;C:\WINDOWS\System32\WindowsPowerShell\v1.0\;C:\Program Files (x86)\GtkSharp\2.12\bin;C:\Program Files\VanDyke Software\Clients\;C:\Users\Bryan\Desktop\old\CS120 Discrete Math\Module 12\eclipse-jee-juno-SR2-win32-x86_64.zip\eclipse;
USERNAME=Bryan
OS=Windows_NT
PROCESSOR_IDENTIFIER=Intel64 Family 6 Model 15 Stepping 11, GenuineIntel



---------------  S Y S T E M  ---------------

OS: Windows 8 , 64 bit Build 9200 

CPU:total 4 (4 cores per cpu, 1 threads per core) family 6 model 15 stepping 11, cmov, cx8, fxsr, mmx, sse, sse2, sse3, ssse3, tsc

Memory: 4k page, physical 6289584k(3525424k free), swap 12581040k(8663944k free)

vm_info: Java HotSpot(TM) 64-Bit Server VM (23.21-b01) for windows-amd64 JRE (1.7.0_21-b11), built on Apr  4 2013 08:11:28 by "java_re" with unknown MS VC++:1600

time: Wed Feb 19 21:40:30 2014
elapsed time: 104 seconds

